build/app/outputs/mapping/release/usage.txt
com.example.erp_project.BuildConfig
com.example.erp_project.R$attr
com.example.erp_project.R$color
com.example.erp_project.R$dimen
com.example.erp_project.R$drawable
com.example.erp_project.R$id
com.example.erp_project.R$integer
com.example.erp_project.R$layout
com.example.erp_project.R$mipmap
com.example.erp_project.R$string
com.example.erp_project.R$style
com.example.erp_project.R$styleable
com.example.erp_project.R$xml
com.example.erp_project.R
...
kotlinx.coroutines.flow.FlowKt__DelayKt$debounceInternal$1$3$1
kotlinx.coroutines.flow.FlowKt__DelayKt$debounceInternal$1$3$2
kotlinx.coroutines.flow.FlowKt__DelayKt$debounceInternal$1$values$1$invokeSuspend$$inlined$collect$1
kotlinx.coroutines.flow.FlowKt__DelayKt$debounceInternal$1$values$1
kotlinx.coroutines.flow.FlowKt__DelayKt$debounceInternal$1
kotlinx.coroutines.flow.FlowKt__DelayKt$fixedPeriodTicker$3
kotlinx.coroutines.flow.FlowKt__DelayKt$sample$2$1$1
kotlinx.coroutines.flow.FlowKt__DelayKt$sample$2$1$2
kotlinx.coroutines.flow.FlowKt__DelayKt$sample$2$values$1$invokeSuspend$$inlined$collect$1
kotlinx.coroutines.flow.FlowKt__DelayKt$sample$2$values$1
kotlinx.coroutines.flow.FlowKt__DelayKt$sample$2
kotlinx.coroutines.flow.FlowKt__DelayKt
kotlinx.coroutines.flow.FlowKt__DistinctKt$defaultAreEquivalent$1
kotlinx.coroutines.flow.FlowKt__DistinctKt$defaultKeySelector$1
kotlinx.coroutines.flow.FlowKt__DistinctKt
kotlinx.coroutines.flow.FlowKt__EmittersKt$invokeSafely$1
kotlinx.coroutines.flow.FlowKt__EmittersKt$onCompletion$$inlined$unsafeFlow$1$1
kotlinx.coroutines.flow.FlowKt__EmittersKt$onCompletion$$inlined$unsafeFlow$1
kotlinx.coroutines.flow.FlowKt__EmittersKt$onEmpty$$inlined$unsafeFlow$1$1
kotlinx.coroutines.flow.FlowKt__EmittersKt$onEmpty$$inlined$unsafeFlow$1
kotlinx.coroutines.flow.FlowKt__EmittersKt$onEmpty$lambda-5$$inlined$collect$1
kotlinx.coroutines.flow.FlowKt__EmittersKt$onStart$$inlined$unsafeFlow$1$1
kotlinx.coroutines.flow.FlowKt__EmittersKt$onStart$$inlined$unsafeFlow$1
kotlinx.coroutines.flow.FlowKt__EmittersKt$transform$1$invokeSuspend$$inlined$collect$1$1
kotlinx.coroutines.flow.FlowKt__EmittersKt$transform$1$invokeSuspend$$inlined$collect$1
kotlinx.coroutines.flow.FlowKt__EmittersKt$transform$1
kotlinx.coroutines.flow.FlowKt__EmittersKt$unsafeTransform$$inlined$unsafeFlow$1$1
kotlinx.coroutines.flow.FlowKt__EmittersKt$unsafeTransform$$inlined$unsafeFlow$1
kotlinx.coroutines.flow.FlowKt__EmittersKt$unsafeTransform$lambda-1$$inlined$collect$1$1
kotlinx.coroutines.flow.FlowKt__EmittersKt$unsafeTransform$lambda-1$$inlined$collect$1
kotlinx.coroutines.flow.FlowKt__EmittersKt
kotlinx.coroutines.flow.FlowKt__ErrorsKt$catch$$inlined$unsafeFlow$1$1
kotlinx.coroutines.flow.FlowKt__ErrorsKt$catch$$inlined$unsafeFlow$1
kotlinx.coroutines.flow.FlowKt__ErrorsKt$catchImpl$$inlined$collect$1$1
kotlinx.coroutines.flow.FlowKt__ErrorsKt$catchImpl$$inlined$collect$1
kotlinx.coroutines.flow.FlowKt__ErrorsKt$catchImpl$1
kotlinx.coroutines.flow.FlowKt__ErrorsKt$onErrorCollect$1
kotlinx.coroutines.flow.FlowKt__ErrorsKt$onErrorCollect$2
kotlinx.coroutines.flow.FlowKt__ErrorsKt$retry$1
kotlinx.coroutines.flow.FlowKt__ErrorsKt$retry$3
kotlinx.coroutines.flow.FlowKt__ErrorsKt$retry$4
kotlinx.coroutines.flow.FlowKt__ErrorsKt$retry$6
kotlinx.coroutines.flow.FlowKt__ErrorsKt$retryWhen$$inlined$unsafeFlow$1$1
kotlinx.coroutines.flow.FlowKt__ErrorsKt$retryWhen$$inlined$unsafeFlow$1
kotlinx.coroutines.flow.FlowKt__ErrorsKt
kotlinx.coroutines.flow.FlowKt__LimitKt$collectWhile$1
kotlinx.coroutines.flow.FlowKt__LimitKt$collectWhile$collector$1$emit$1
kotlinx.coroutines.flow.FlowKt__LimitKt$collectWhile$collector$1
kotlinx.coroutines.flow.FlowKt__LimitKt$drop$$inlined$unsafeFlow$1
kotlinx.coroutines.flow.FlowKt__LimitKt$drop$lambda-2$$inlined$collect$1
kotlinx.coroutines.flow.FlowKt__LimitKt$dropWhile$$inlined$unsafeFlow$1
kotlinx.coroutines.flow.FlowKt__LimitKt$dropWhile$lambda-4$$inlined$collect$1$1
kotlinx.coroutines.flow.FlowKt__LimitKt$dropWhile$lambda-4$$inlined$collect$1
kotlinx.coroutines.flow.FlowKt__LimitKt$emitAbort$1
kotlinx.coroutines.flow.FlowKt__LimitKt$take$$inlined$unsafeFlow$1$1
kotlinx.coroutines.flow.FlowKt__LimitKt$take$$inlined$unsafeFlow$1
kotlinx.coroutines.flow.FlowKt__LimitKt$take$lambda-7$$inlined$collect$1
kotlinx.coroutines.flow.FlowKt__LimitKt$takeWhile$$inlined$unsafeFlow$1$1
kotlinx.coroutines.flow.FlowKt__LimitKt$takeWhile$$inlined$unsafeFlow$1